11-Oct-2025 06:38:15.870 INFO [main] org.apache.catalina.startup.VersionLoggerListener.log Server version name:   Apache Tomcat/9.0.109
11-Oct-2025 06:38:15.876 INFO [main] org.apache.catalina.startup.VersionLoggerListener.log Server built:          Sep 1 2025 12:15:33 UTC
11-Oct-2025 06:38:15.876 INFO [main] org.apache.catalina.startup.VersionLoggerListener.log Server version number: 9.0.109.0
11-Oct-2025 06:38:15.876 INFO [main] org.apache.catalina.startup.VersionLoggerListener.log OS Name:               Windows 10
11-Oct-2025 06:38:15.876 INFO [main] org.apache.catalina.startup.VersionLoggerListener.log OS Version:            10.0
11-Oct-2025 06:38:15.876 INFO [main] org.apache.catalina.startup.VersionLoggerListener.log Architecture:          amd64
11-Oct-2025 06:38:15.883 INFO [main] org.apache.catalina.startup.VersionLoggerListener.log Java Home:             C:\Program Files\Java\jdk1.8.0_202\jre
11-Oct-2025 06:38:15.883 INFO [main] org.apache.catalina.startup.VersionLoggerListener.log JVM Version:           1.8.0_202-b08
11-Oct-2025 06:38:15.883 INFO [main] org.apache.catalina.startup.VersionLoggerListener.log JVM Vendor:            Oracle Corporation
11-Oct-2025 06:38:15.883 INFO [main] org.apache.catalina.startup.VersionLoggerListener.log CATALINA_BASE:         C:\Program Files\apache-tomcat-9.0.109
11-Oct-2025 06:38:15.883 INFO [main] org.apache.catalina.startup.VersionLoggerListener.log CATALINA_HOME:         C:\Program Files\apache-tomcat-9.0.109
11-Oct-2025 06:38:15.886 INFO [main] org.apache.catalina.startup.VersionLoggerListener.log Command line argument: -Djava.util.logging.config.file=C:\Program Files\apache-tomcat-9.0.109\conf\logging.properties
11-Oct-2025 06:38:15.886 INFO [main] org.apache.catalina.startup.VersionLoggerListener.log Command line argument: -Djava.util.logging.manager=org.apache.juli.ClassLoaderLogManager
11-Oct-2025 06:38:15.886 INFO [main] org.apache.catalina.startup.VersionLoggerListener.log Command line argument: -Djdk.tls.ephemeralDHKeySize=2048
11-Oct-2025 06:38:15.886 INFO [main] org.apache.catalina.startup.VersionLoggerListener.log Command line argument: -Djava.protocol.handler.pkgs=org.apache.catalina.webresources
11-Oct-2025 06:38:15.886 INFO [main] org.apache.catalina.startup.VersionLoggerListener.log Command line argument: -Dsun.io.useCanonCaches=false
11-Oct-2025 06:38:15.892 INFO [main] org.apache.catalina.startup.VersionLoggerListener.log Command line argument: -Dignore.endorsed.dirs=
11-Oct-2025 06:38:15.892 INFO [main] org.apache.catalina.startup.VersionLoggerListener.log Command line argument: -Dcatalina.base=C:\Program Files\apache-tomcat-9.0.109
11-Oct-2025 06:38:15.892 INFO [main] org.apache.catalina.startup.VersionLoggerListener.log Command line argument: -Dcatalina.home=C:\Program Files\apache-tomcat-9.0.109
11-Oct-2025 06:38:15.892 INFO [main] org.apache.catalina.startup.VersionLoggerListener.log Command line argument: -Djava.io.tmpdir=C:\Program Files\apache-tomcat-9.0.109\temp
11-Oct-2025 06:38:15.902 INFO [main] org.apache.catalina.core.AprLifecycleListener.lifecycleEvent The Apache Tomcat Native library which allows using OpenSSL was not found on the java.library.path: [C:\Program Files\Java\jdk1.8.0_202\bin;C:\WINDOWS\Sun\Java\bin;C:\WINDOWS\system32;C:\WINDOWS;C:\Program Files (x86)\Common Files\Oracle\Java\javapath;C:\WINDOWS\system32;C:\WINDOWS;C:\WINDOWS\System32\Wbem;C:\WINDOWS\System32\WindowsPowerShell\v1.0\;C:\WINDOWS\System32\OpenSSH\;C:\Program Files (x86)\Windows Kits\10\Windows Performance Toolkit\;C:\Program Files\dotnet\;C:\Users\trick\AppData\Local\Microsoft\WindowsApps;C:\Users\trick\AppData\Local\Programs\Microsoft VS Code\bin;.]
11-Oct-2025 06:38:17.098 INFO [main] org.apache.coyote.AbstractProtocol.init Initializing ProtocolHandler ["http-nio-8080"]
11-Oct-2025 06:38:17.182 INFO [main] org.apache.catalina.startup.Catalina.load Server initialization in [1676] milliseconds
11-Oct-2025 06:38:17.278 INFO [main] org.apache.catalina.core.StandardService.startInternal Starting service [Catalina]
11-Oct-2025 06:38:17.278 INFO [main] org.apache.catalina.core.StandardEngine.startInternal Starting Servlet engine: [Apache Tomcat/9.0.109]
11-Oct-2025 06:38:17.310 INFO [main] org.apache.catalina.startup.HostConfig.deployDirectory Deploying web application directory [C:\Program Files\apache-tomcat-9.0.109\webapps\ConorsAgeServlet]
11-Oct-2025 06:38:18.713 WARNING [main] org.apache.catalina.util.SessionIdGeneratorBase.createSecureRandom Creation of SecureRandom instance for session ID generation using [SHA1PRNG] took [604] milliseconds.
11-Oct-2025 06:38:18.765 INFO [main] org.apache.catalina.startup.HostConfig.deployDirectory Deployment of web application directory [C:\Program Files\apache-tomcat-9.0.109\webapps\ConorsAgeServlet] has finished in [1,455] ms
11-Oct-2025 06:38:18.767 INFO [main] org.apache.catalina.startup.HostConfig.deployDirectory Deploying web application directory [C:\Program Files\apache-tomcat-9.0.109\webapps\docs]
11-Oct-2025 06:38:18.883 INFO [main] org.apache.catalina.startup.HostConfig.deployDirectory Deployment of web application directory [C:\Program Files\apache-tomcat-9.0.109\webapps\docs] has finished in [116] ms
11-Oct-2025 06:38:18.890 INFO [main] org.apache.catalina.startup.HostConfig.deployDirectory Deploying web application directory [C:\Program Files\apache-tomcat-9.0.109\webapps\examples]
11-Oct-2025 06:38:20.153 INFO [main] org.apache.catalina.startup.HostConfig.deployDirectory Deployment of web application directory [C:\Program Files\apache-tomcat-9.0.109\webapps\examples] has finished in [1,270] ms
11-Oct-2025 06:38:20.153 INFO [main] org.apache.catalina.startup.HostConfig.deployDirectory Deploying web application directory [C:\Program Files\apache-tomcat-9.0.109\webapps\host-manager]
11-Oct-2025 06:38:20.261 INFO [main] org.apache.catalina.startup.HostConfig.deployDirectory Deployment of web application directory [C:\Program Files\apache-tomcat-9.0.109\webapps\host-manager] has finished in [108] ms
11-Oct-2025 06:38:20.265 INFO [main] org.apache.catalina.startup.HostConfig.deployDirectory Deploying web application directory [C:\Program Files\apache-tomcat-9.0.109\webapps\manager]
11-Oct-2025 06:38:20.352 INFO [main] org.apache.catalina.startup.HostConfig.deployDirectory Deployment of web application directory [C:\Program Files\apache-tomcat-9.0.109\webapps\manager] has finished in [87] ms
11-Oct-2025 06:38:20.352 INFO [main] org.apache.catalina.startup.HostConfig.deployDirectory Deploying web application directory [C:\Program Files\apache-tomcat-9.0.109\webapps\Quiz]
11-Oct-2025 06:38:20.456 INFO [main] org.apache.catalina.startup.HostConfig.deployDirectory Deployment of web application directory [C:\Program Files\apache-tomcat-9.0.109\webapps\Quiz] has finished in [104] ms
11-Oct-2025 06:38:20.456 INFO [main] org.apache.catalina.startup.HostConfig.deployDirectory Deploying web application directory [C:\Program Files\apache-tomcat-9.0.109\webapps\ROOT]
11-Oct-2025 06:38:20.535 INFO [main] org.apache.catalina.startup.HostConfig.deployDirectory Deployment of web application directory [C:\Program Files\apache-tomcat-9.0.109\webapps\ROOT] has finished in [77] ms
11-Oct-2025 06:38:20.535 INFO [main] org.apache.catalina.startup.HostConfig.deployDirectory Deploying web application directory [C:\Program Files\apache-tomcat-9.0.109\webapps\ServletBasic]
11-Oct-2025 06:38:20.599 INFO [main] org.apache.catalina.startup.HostConfig.deployDirectory Deployment of web application directory [C:\Program Files\apache-tomcat-9.0.109\webapps\ServletBasic] has finished in [64] ms
11-Oct-2025 06:38:20.600 INFO [main] org.apache.catalina.startup.HostConfig.deployDirectory Deploying web application directory [C:\Program Files\apache-tomcat-9.0.109\webapps\ServletExample2023]
11-Oct-2025 06:38:20.662 INFO [main] org.apache.catalina.startup.HostConfig.deployDirectory Deployment of web application directory [C:\Program Files\apache-tomcat-9.0.109\webapps\ServletExample2023] has finished in [58] ms
11-Oct-2025 06:38:20.662 INFO [main] org.apache.catalina.startup.HostConfig.deployDirectory Deploying web application directory [C:\Program Files\apache-tomcat-9.0.109\webapps\Voting]
11-Oct-2025 06:38:20.777 INFO [main] org.apache.catalina.startup.HostConfig.deployDirectory Deployment of web application directory [C:\Program Files\apache-tomcat-9.0.109\webapps\Voting] has finished in [115] ms
11-Oct-2025 06:38:20.782 INFO [main] org.apache.catalina.startup.HostConfig.deployDirectory Deploying web application directory [C:\Program Files\apache-tomcat-9.0.109\webapps\websites]
11-Oct-2025 06:38:20.839 INFO [main] org.apache.catalina.startup.HostConfig.deployDirectory Deployment of web application directory [C:\Program Files\apache-tomcat-9.0.109\webapps\websites] has finished in [56] ms
11-Oct-2025 06:38:20.850 INFO [main] org.apache.coyote.AbstractProtocol.start Starting ProtocolHandler ["http-nio-8080"]
11-Oct-2025 06:38:20.904 INFO [main] org.apache.catalina.startup.Catalina.start Server startup in [3720] milliseconds
11-Oct-2025 06:38:44.215 INFO [http-nio-8080-exec-3] org.apache.coyote.http11.Http11Processor.service Error parsing HTTP request header
 Note: further occurrences of HTTP request parsing errors will be logged at DEBUG level.
	java.lang.IllegalArgumentException: Invalid character found in method name [0x160x030x010x060xf20x010x000x060xee0x030x030x180xfb0x0a0xf6i0x9dO0x0f0x0d0x960x0c0x9bq0xf40x900xd80x9a0x1c0x0b0x000xa3n{0xa47L0xff0x04.0xc7E3 ]. HTTP method names must be tokens
		at org.apache.coyote.http11.Http11InputBuffer.parseRequestLine(Http11InputBuffer.java:404)
		at org.apache.coyote.http11.Http11Processor.service(Http11Processor.java:270)
		at org.apache.coyote.AbstractProcessorLight.process(AbstractProcessorLight.java:63)
		at org.apache.coyote.AbstractProtocol$ConnectionHandler.process(AbstractProtocol.java:935)
		at org.apache.tomcat.util.net.NioEndpoint$SocketProcessor.doRun(NioEndpoint.java:1833)
		at org.apache.tomcat.util.net.SocketProcessorBase.run(SocketProcessorBase.java:52)
		at org.apache.tomcat.util.threads.ThreadPoolExecutor.runWorker(ThreadPoolExecutor.java:975)
		at org.apache.tomcat.util.threads.ThreadPoolExecutor$Worker.run(ThreadPoolExecutor.java:493)
		at org.apache.tomcat.util.threads.TaskThread$WrappingRunnable.run(TaskThread.java:63)
		at java.lang.Thread.run(Thread.java:748)
11-Oct-2025 06:39:12.395 INFO [http-nio-8080-exec-6] org.apache.coyote.http11.Http11Processor.service Error parsing HTTP request header
 Note: further occurrences of HTTP request parsing errors will be logged at DEBUG level.
	java.lang.IllegalArgumentException: Invalid character found in method name [0x160x030x010x060xb20x010x000x060xae0x030x030x0b0xc6?0xfd0x120xa20xa90x08W0xea0x1f0xfa0x98o0xbf{;0xf70x120x0f0x850xdar0xad[0x020xfc0xb80xb70xc2N0xe8 ]. HTTP method names must be tokens
		at org.apache.coyote.http11.Http11InputBuffer.parseRequestLine(Http11InputBuffer.java:404)
		at org.apache.coyote.http11.Http11Processor.service(Http11Processor.java:270)
		at org.apache.coyote.AbstractProcessorLight.process(AbstractProcessorLight.java:63)
		at org.apache.coyote.AbstractProtocol$ConnectionHandler.process(AbstractProtocol.java:935)
		at org.apache.tomcat.util.net.NioEndpoint$SocketProcessor.doRun(NioEndpoint.java:1833)
		at org.apache.tomcat.util.net.SocketProcessorBase.run(SocketProcessorBase.java:52)
		at org.apache.tomcat.util.threads.ThreadPoolExecutor.runWorker(ThreadPoolExecutor.java:975)
		at org.apache.tomcat.util.threads.ThreadPoolExecutor$Worker.run(ThreadPoolExecutor.java:493)
		at org.apache.tomcat.util.threads.TaskThread$WrappingRunnable.run(TaskThread.java:63)
		at java.lang.Thread.run(Thread.java:748)
