07-Oct-2025 15:19:07.250 INFO [main] org.apache.catalina.core.ApplicationContext.log ContextListener: contextInitialized()
07-Oct-2025 15:19:07.250 INFO [main] org.apache.catalina.core.ApplicationContext.log SessionListener: contextInitialized()
07-Oct-2025 15:19:07.259 INFO [main] org.apache.catalina.core.ApplicationContext.log ContextListener: attributeAdded('StockTicker', 'async.Stockticker@28975c28')
07-Oct-2025 15:29:30.250 INFO [Thread-2] org.apache.catalina.core.ApplicationContext.log SessionListener: contextDestroyed()
07-Oct-2025 15:29:30.250 INFO [Thread-2] org.apache.catalina.core.ApplicationContext.log ContextListener: contextDestroyed()
07-Oct-2025 15:31:14.325 INFO [main] org.apache.catalina.core.ApplicationContext.log ContextListener: contextInitialized()
07-Oct-2025 15:31:14.325 INFO [main] org.apache.catalina.core.ApplicationContext.log SessionListener: contextInitialized()
07-Oct-2025 15:31:14.331 INFO [main] org.apache.catalina.core.ApplicationContext.log ContextListener: attributeAdded('StockTicker', 'async.Stockticker@28975c28')
07-Oct-2025 16:19:04.847 INFO [Thread-2] org.apache.catalina.core.ApplicationContext.log SessionListener: contextDestroyed()
07-Oct-2025 16:19:04.847 INFO [Thread-2] org.apache.catalina.core.ApplicationContext.log ContextListener: contextDestroyed()
07-Oct-2025 16:45:55.329 INFO [main] org.apache.catalina.core.ApplicationContext.log ContextListener: contextInitialized()
07-Oct-2025 16:45:55.329 INFO [main] org.apache.catalina.core.ApplicationContext.log SessionListener: contextInitialized()
07-Oct-2025 16:45:55.337 INFO [main] org.apache.catalina.core.ApplicationContext.log ContextListener: attributeAdded('StockTicker', 'async.Stockticker@28975c28')
07-Oct-2025 16:47:06.212 INFO [Thread-2] org.apache.catalina.core.ApplicationContext.log SessionListener: contextDestroyed()
07-Oct-2025 16:47:06.212 INFO [Thread-2] org.apache.catalina.core.ApplicationContext.log ContextListener: contextDestroyed()
07-Oct-2025 16:47:21.672 INFO [main] org.apache.catalina.core.ApplicationContext.log ContextListener: contextInitialized()
07-Oct-2025 16:47:21.672 INFO [main] org.apache.catalina.core.ApplicationContext.log SessionListener: contextInitialized()
07-Oct-2025 16:47:21.678 INFO [main] org.apache.catalina.core.ApplicationContext.log ContextListener: attributeAdded('StockTicker', 'async.Stockticker@28975c28')
07-Oct-2025 16:47:52.526 INFO [http-nio-8080-exec-3] org.apache.catalina.core.ApplicationContext.log Marking servlet [Quiz] as unavailable
07-Oct-2025 16:47:52.530 SEVERE [http-nio-8080-exec-3] org.apache.catalina.core.StandardWrapperValve.invoke Allocate exception for servlet [Quiz]
	java.lang.ClassCastException: quiz cannot be cast to javax.servlet.Servlet
		at org.apache.catalina.core.StandardWrapper.loadServlet(StandardWrapper.java:903)
		at org.apache.catalina.core.StandardWrapper.allocate(StandardWrapper.java:664)
		at org.apache.catalina.core.StandardWrapperValve.invoke(StandardWrapperValve.java:116)
		at org.apache.catalina.core.StandardContextValve.invoke(StandardContextValve.java:90)
		at org.apache.catalina.authenticator.AuthenticatorBase.invoke(AuthenticatorBase.java:482)
		at org.apache.catalina.core.StandardHostValve.invoke(StandardHostValve.java:130)
		at org.apache.catalina.valves.ErrorReportValve.invoke(ErrorReportValve.java:93)
		at org.apache.catalina.valves.AbstractAccessLogValve.invoke(AbstractAccessLogValve.java:656)
		at org.apache.catalina.core.StandardEngineValve.invoke(StandardEngineValve.java:74)
		at org.apache.catalina.connector.CoyoteAdapter.service(CoyoteAdapter.java:346)
		at org.apache.coyote.http11.Http11Processor.service(Http11Processor.java:397)
		at org.apache.coyote.AbstractProcessorLight.process(AbstractProcessorLight.java:63)
		at org.apache.coyote.AbstractProtocol$ConnectionHandler.process(AbstractProtocol.java:935)
		at org.apache.tomcat.util.net.NioEndpoint$SocketProcessor.doRun(NioEndpoint.java:1833)
		at org.apache.tomcat.util.net.SocketProcessorBase.run(SocketProcessorBase.java:52)
		at org.apache.tomcat.util.threads.ThreadPoolExecutor.runWorker(ThreadPoolExecutor.java:975)
		at org.apache.tomcat.util.threads.ThreadPoolExecutor$Worker.run(ThreadPoolExecutor.java:493)
		at org.apache.tomcat.util.threads.TaskThread$WrappingRunnable.run(TaskThread.java:63)
		at java.lang.Thread.run(Thread.java:748)
07-Oct-2025 16:48:29.671 INFO [Thread-2] org.apache.catalina.core.ApplicationContext.log SessionListener: contextDestroyed()
07-Oct-2025 16:48:29.671 INFO [Thread-2] org.apache.catalina.core.ApplicationContext.log ContextListener: contextDestroyed()
07-Oct-2025 16:49:18.313 INFO [main] org.apache.catalina.core.ApplicationContext.log ContextListener: contextInitialized()
07-Oct-2025 16:49:18.314 INFO [main] org.apache.catalina.core.ApplicationContext.log SessionListener: contextInitialized()
07-Oct-2025 16:49:18.321 INFO [main] org.apache.catalina.core.ApplicationContext.log ContextListener: attributeAdded('StockTicker', 'async.Stockticker@28975c28')
07-Oct-2025 16:50:51.951 INFO [Thread-2] org.apache.catalina.core.ApplicationContext.log SessionListener: contextDestroyed()
07-Oct-2025 16:50:51.951 INFO [Thread-2] org.apache.catalina.core.ApplicationContext.log ContextListener: contextDestroyed()
07-Oct-2025 16:51:18.485 INFO [main] org.apache.catalina.core.ApplicationContext.log ContextListener: contextInitialized()
07-Oct-2025 16:51:18.485 INFO [main] org.apache.catalina.core.ApplicationContext.log SessionListener: contextInitialized()
07-Oct-2025 16:51:18.494 INFO [main] org.apache.catalina.core.ApplicationContext.log ContextListener: attributeAdded('StockTicker', 'async.Stockticker@28975c28')
07-Oct-2025 19:15:07.376 INFO [Thread-2] org.apache.catalina.core.ApplicationContext.log SessionListener: contextDestroyed()
07-Oct-2025 19:15:07.376 INFO [Thread-2] org.apache.catalina.core.ApplicationContext.log ContextListener: contextDestroyed()
07-Oct-2025 19:22:10.754 INFO [main] org.apache.catalina.core.ApplicationContext.log ContextListener: contextInitialized()
07-Oct-2025 19:22:10.754 INFO [main] org.apache.catalina.core.ApplicationContext.log SessionListener: contextInitialized()
07-Oct-2025 19:22:10.756 INFO [main] org.apache.catalina.core.ApplicationContext.log ContextListener: attributeAdded('StockTicker', 'async.Stockticker@28975c28')
07-Oct-2025 19:25:34.105 INFO [Thread-2] org.apache.catalina.core.ApplicationContext.log SessionListener: contextDestroyed()
07-Oct-2025 19:25:34.105 INFO [Thread-2] org.apache.catalina.core.ApplicationContext.log ContextListener: contextDestroyed()
